<?xml version="1.0" encoding="UTF-8"?>
<!-- Generated by org.testng.reporters.JUnitReportReporter -->
<testsuite skipped="0" hostname="sistic-061-nb" name="cucumbertest.BuggyCarsAPI" tests="1" failures="0" timestamp="2022-12-22T10:42:24 SGT" time="3.720" errors="0">
  <testcase name="getDashboardDetails" time="3.720" classname="cucumbertest.BuggyCarsAPI"/>
  <system-out/>
</testsuite> <!-- cucumbertest.BuggyCarsAPI -->
