<?xml version="1.0" encoding="UTF-8"?>
<!-- Generated by org.testng.reporters.JUnitReportReporter -->
<testsuite skipped="0" hostname="sistic-061-nb" name="cucumbertest.BuggyCarsAPI" tests="1" failures="0" timestamp="2022-12-23T17:02:48 SGT" time="7.029" errors="0">
  <testcase name="getCarDetails" time="7.029" classname="cucumbertest.BuggyCarsAPI"/>
  <system-out/>
</testsuite> <!-- cucumbertest.BuggyCarsAPI -->
